d:\source\mathforgames\mathlib\x64\debug\mathlib.pdb
d:\source\mathforgames\mathlib\x64\debug\mathlib.idb
d:\source\mathforgames\mathlib\x64\debug\vec4.obj
d:\source\mathforgames\mathlib\x64\debug\vec3.obj
d:\source\mathforgames\mathlib\x64\debug\vec2.obj
d:\source\mathforgames\mathlib\x64\debug\utils.obj
d:\source\mathforgames\mathlib\x64\debug\transform3d.obj
d:\source\mathforgames\mathlib\x64\debug\transform2d.obj
d:\source\mathforgames\mathlib\x64\debug\rand.obj
d:\source\mathforgames\mathlib\x64\debug\matrix4.obj
d:\source\mathforgames\mathlib\x64\debug\matrix3.obj
d:\source\mathforgames\mathlib\lib\x64\mathlib.lib
d:\source\mathforgames\\mathlib\lib\x64\mathlib.pdb
d:\source\mathforgames\\mathlib\lib\x64\mathlib.lib
d:\source\mathforgames\mathlib\x64\debug\mathlib.tlog\cl.command.1.tlog
d:\source\mathforgames\mathlib\x64\debug\mathlib.tlog\cl.read.1.tlog
d:\source\mathforgames\mathlib\x64\debug\mathlib.tlog\cl.write.1.tlog
d:\source\mathforgames\mathlib\x64\debug\mathlib.tlog\lib-link.read.1.tlog
d:\source\mathforgames\mathlib\x64\debug\mathlib.tlog\lib-link.write.1.tlog
d:\source\mathforgames\mathlib\x64\debug\mathlib.tlog\lib.command.1.tlog
